[0.539s] Invoking command in '/home/bravo1311/px4_ros2_ws/src/ROS2-PX4_Drone_Teleoperation_Using_Joystick/build/vla_marker_selector': CMAKE_PREFIX_PATH=${CMAKE_PREFIX_PATH}:/opt/ros/jazzy DEBUGINFOD_URLS=https://debuginfod.ubuntu.com /usr/bin/cmake /home/bravo1311/px4_ros2_ws/src/ROS2-PX4_Drone_Teleoperation_Using_Joystick/vla_marker_selector -DCMAKE_INSTALL_PREFIX=/home/bravo1311/px4_ros2_ws/src/ROS2-PX4_Drone_Teleoperation_Using_Joystick/install/vla_marker_selector
[0.600s] -- The C compiler identification is GNU 13.3.0
[0.660s] -- The CXX compiler identification is GNU 13.3.0
[0.679s] -- Detecting C compiler ABI info
[0.782s] -- Detecting C compiler ABI info - done
[0.790s] -- Check for working C compiler: /usr/bin/cc - skipped
[0.790s] -- Detecting C compile features
[0.790s] -- Detecting C compile features - done
[0.798s] -- Detecting CXX compiler ABI info
[0.905s] -- Detecting CXX compiler ABI info - done
[0.920s] -- Check for working CXX compiler: /usr/bin/c++ - skipped
[0.920s] -- Detecting CXX compile features
[0.921s] -- Detecting CXX compile features - done
[0.926s] -- Found ament_cmake: 2.5.5 (/opt/ros/jazzy/share/ament_cmake/cmake)
[1.101s] -- Found Python3: /usr/bin/python3 (found version "3.12.3") found components: Interpreter 
[1.245s] -- Found ament_lint_auto: 0.17.4 (/opt/ros/jazzy/share/ament_lint_auto/cmake)
[1.372s] -- Added test 'lint_cmake' to check CMake code style
[1.375s] -- Added test 'xmllint' to check XML markup files
[1.376s] -- Configuring done (0.8s)
[1.379s] -- Generating done (0.0s)
[1.382s] -- Build files have been written to: /home/bravo1311/px4_ros2_ws/src/ROS2-PX4_Drone_Teleoperation_Using_Joystick/build/vla_marker_selector
[1.386s] Invoked command in '/home/bravo1311/px4_ros2_ws/src/ROS2-PX4_Drone_Teleoperation_Using_Joystick/build/vla_marker_selector' returned '0': CMAKE_PREFIX_PATH=${CMAKE_PREFIX_PATH}:/opt/ros/jazzy DEBUGINFOD_URLS=https://debuginfod.ubuntu.com /usr/bin/cmake /home/bravo1311/px4_ros2_ws/src/ROS2-PX4_Drone_Teleoperation_Using_Joystick/vla_marker_selector -DCMAKE_INSTALL_PREFIX=/home/bravo1311/px4_ros2_ws/src/ROS2-PX4_Drone_Teleoperation_Using_Joystick/install/vla_marker_selector
[1.388s] Invoking command in '/home/bravo1311/px4_ros2_ws/src/ROS2-PX4_Drone_Teleoperation_Using_Joystick/build/vla_marker_selector': CMAKE_PREFIX_PATH=${CMAKE_PREFIX_PATH}:/opt/ros/jazzy DEBUGINFOD_URLS=https://debuginfod.ubuntu.com /usr/bin/cmake --build /home/bravo1311/px4_ros2_ws/src/ROS2-PX4_Drone_Teleoperation_Using_Joystick/build/vla_marker_selector -- -j32 -l32
[1.434s] Invoked command in '/home/bravo1311/px4_ros2_ws/src/ROS2-PX4_Drone_Teleoperation_Using_Joystick/build/vla_marker_selector' returned '0': CMAKE_PREFIX_PATH=${CMAKE_PREFIX_PATH}:/opt/ros/jazzy DEBUGINFOD_URLS=https://debuginfod.ubuntu.com /usr/bin/cmake --build /home/bravo1311/px4_ros2_ws/src/ROS2-PX4_Drone_Teleoperation_Using_Joystick/build/vla_marker_selector -- -j32 -l32
[1.449s] Invoking command in '/home/bravo1311/px4_ros2_ws/src/ROS2-PX4_Drone_Teleoperation_Using_Joystick/build/vla_marker_selector': CMAKE_PREFIX_PATH=${CMAKE_PREFIX_PATH}:/opt/ros/jazzy DEBUGINFOD_URLS=https://debuginfod.ubuntu.com /usr/bin/cmake --install /home/bravo1311/px4_ros2_ws/src/ROS2-PX4_Drone_Teleoperation_Using_Joystick/build/vla_marker_selector
[1.460s] -- Install configuration: ""
[1.461s] -- Installing: /home/bravo1311/px4_ros2_ws/src/ROS2-PX4_Drone_Teleoperation_Using_Joystick/install/vla_marker_selector/share/ament_index/resource_index/package_run_dependencies/vla_marker_selector
[1.461s] -- Installing: /home/bravo1311/px4_ros2_ws/src/ROS2-PX4_Drone_Teleoperation_Using_Joystick/install/vla_marker_selector/share/ament_index/resource_index/parent_prefix_path/vla_marker_selector
[1.461s] -- Installing: /home/bravo1311/px4_ros2_ws/src/ROS2-PX4_Drone_Teleoperation_Using_Joystick/install/vla_marker_selector/share/vla_marker_selector/environment/ament_prefix_path.sh
[1.461s] -- Installing: /home/bravo1311/px4_ros2_ws/src/ROS2-PX4_Drone_Teleoperation_Using_Joystick/install/vla_marker_selector/share/vla_marker_selector/environment/ament_prefix_path.dsv
[1.461s] -- Installing: /home/bravo1311/px4_ros2_ws/src/ROS2-PX4_Drone_Teleoperation_Using_Joystick/install/vla_marker_selector/share/vla_marker_selector/environment/path.sh
[1.461s] -- Installing: /home/bravo1311/px4_ros2_ws/src/ROS2-PX4_Drone_Teleoperation_Using_Joystick/install/vla_marker_selector/share/vla_marker_selector/environment/path.dsv
[1.461s] -- Installing: /home/bravo1311/px4_ros2_ws/src/ROS2-PX4_Drone_Teleoperation_Using_Joystick/install/vla_marker_selector/share/vla_marker_selector/local_setup.bash
[1.462s] -- Installing: /home/bravo1311/px4_ros2_ws/src/ROS2-PX4_Drone_Teleoperation_Using_Joystick/install/vla_marker_selector/share/vla_marker_selector/local_setup.sh
[1.462s] -- Installing: /home/bravo1311/px4_ros2_ws/src/ROS2-PX4_Drone_Teleoperation_Using_Joystick/install/vla_marker_selector/share/vla_marker_selector/local_setup.zsh
[1.462s] -- Installing: /home/bravo1311/px4_ros2_ws/src/ROS2-PX4_Drone_Teleoperation_Using_Joystick/install/vla_marker_selector/share/vla_marker_selector/local_setup.dsv
[1.462s] -- Installing: /home/bravo1311/px4_ros2_ws/src/ROS2-PX4_Drone_Teleoperation_Using_Joystick/install/vla_marker_selector/share/vla_marker_selector/package.dsv
[1.462s] -- Installing: /home/bravo1311/px4_ros2_ws/src/ROS2-PX4_Drone_Teleoperation_Using_Joystick/install/vla_marker_selector/share/ament_index/resource_index/packages/vla_marker_selector
[1.462s] -- Installing: /home/bravo1311/px4_ros2_ws/src/ROS2-PX4_Drone_Teleoperation_Using_Joystick/install/vla_marker_selector/share/vla_marker_selector/cmake/vla_marker_selectorConfig.cmake
[1.462s] -- Installing: /home/bravo1311/px4_ros2_ws/src/ROS2-PX4_Drone_Teleoperation_Using_Joystick/install/vla_marker_selector/share/vla_marker_selector/cmake/vla_marker_selectorConfig-version.cmake
[1.462s] -- Installing: /home/bravo1311/px4_ros2_ws/src/ROS2-PX4_Drone_Teleoperation_Using_Joystick/install/vla_marker_selector/share/vla_marker_selector/package.xml
[1.464s] Invoked command in '/home/bravo1311/px4_ros2_ws/src/ROS2-PX4_Drone_Teleoperation_Using_Joystick/build/vla_marker_selector' returned '0': CMAKE_PREFIX_PATH=${CMAKE_PREFIX_PATH}:/opt/ros/jazzy DEBUGINFOD_URLS=https://debuginfod.ubuntu.com /usr/bin/cmake --install /home/bravo1311/px4_ros2_ws/src/ROS2-PX4_Drone_Teleoperation_Using_Joystick/build/vla_marker_selector
