running egg_info
creating ../build/px4_offboard/px4_offboard.egg-info
writing ../build/px4_offboard/px4_offboard.egg-info/PKG-INFO
writing dependency_links to ../build/px4_offboard/px4_offboard.egg-info/dependency_links.txt
writing entry points to ../build/px4_offboard/px4_offboard.egg-info/entry_points.txt
writing requirements to ../build/px4_offboard/px4_offboard.egg-info/requires.txt
writing top-level names to ../build/px4_offboard/px4_offboard.egg-info/top_level.txt
writing manifest file '../build/px4_offboard/px4_offboard.egg-info/SOURCES.txt'
reading manifest file '../build/px4_offboard/px4_offboard.egg-info/SOURCES.txt'
writing manifest file '../build/px4_offboard/px4_offboard.egg-info/SOURCES.txt'
running build
running build_py
creating /home/bravo1311/px4_ros2_ws/src/ROS2-PX4_Drone_Teleoperation_Using_Joystick/build/px4_offboard/build
creating /home/bravo1311/px4_ros2_ws/src/ROS2-PX4_Drone_Teleoperation_Using_Joystick/build/px4_offboard/build/lib
creating /home/bravo1311/px4_ros2_ws/src/ROS2-PX4_Drone_Teleoperation_Using_Joystick/build/px4_offboard/build/lib/px4_offboard
copying px4_offboard/teleop_joystick.py -> /home/bravo1311/px4_ros2_ws/src/ROS2-PX4_Drone_Teleoperation_Using_Joystick/build/px4_offboard/build/lib/px4_offboard
copying px4_offboard/__init__.py -> /home/bravo1311/px4_ros2_ws/src/ROS2-PX4_Drone_Teleoperation_Using_Joystick/build/px4_offboard/build/lib/px4_offboard
copying px4_offboard/teleop_keyboard.py -> /home/bravo1311/px4_ros2_ws/src/ROS2-PX4_Drone_Teleoperation_Using_Joystick/build/px4_offboard/build/lib/px4_offboard
copying px4_offboard/velocity_offboard_control.py -> /home/bravo1311/px4_ros2_ws/src/ROS2-PX4_Drone_Teleoperation_Using_Joystick/build/px4_offboard/build/lib/px4_offboard
copying px4_offboard/teleop_joystick copy.py -> /home/bravo1311/px4_ros2_ws/src/ROS2-PX4_Drone_Teleoperation_Using_Joystick/build/px4_offboard/build/lib/px4_offboard
copying px4_offboard/position_offboard_control.py -> /home/bravo1311/px4_ros2_ws/src/ROS2-PX4_Drone_Teleoperation_Using_Joystick/build/px4_offboard/build/lib/px4_offboard
copying px4_offboard/px4_offboard_mux.py -> /home/bravo1311/px4_ros2_ws/src/ROS2-PX4_Drone_Teleoperation_Using_Joystick/build/px4_offboard/build/lib/px4_offboard
running install
running install_lib
creating /home/bravo1311/px4_ros2_ws/src/ROS2-PX4_Drone_Teleoperation_Using_Joystick/install/px4_offboard/lib/python3.12/site-packages/px4_offboard
copying /home/bravo1311/px4_ros2_ws/src/ROS2-PX4_Drone_Teleoperation_Using_Joystick/build/px4_offboard/build/lib/px4_offboard/teleop_joystick.py -> /home/bravo1311/px4_ros2_ws/src/ROS2-PX4_Drone_Teleoperation_Using_Joystick/install/px4_offboard/lib/python3.12/site-packages/px4_offboard
copying /home/bravo1311/px4_ros2_ws/src/ROS2-PX4_Drone_Teleoperation_Using_Joystick/build/px4_offboard/build/lib/px4_offboard/__init__.py -> /home/bravo1311/px4_ros2_ws/src/ROS2-PX4_Drone_Teleoperation_Using_Joystick/install/px4_offboard/lib/python3.12/site-packages/px4_offboard
copying /home/bravo1311/px4_ros2_ws/src/ROS2-PX4_Drone_Teleoperation_Using_Joystick/build/px4_offboard/build/lib/px4_offboard/teleop_keyboard.py -> /home/bravo1311/px4_ros2_ws/src/ROS2-PX4_Drone_Teleoperation_Using_Joystick/install/px4_offboard/lib/python3.12/site-packages/px4_offboard
copying /home/bravo1311/px4_ros2_ws/src/ROS2-PX4_Drone_Teleoperation_Using_Joystick/build/px4_offboard/build/lib/px4_offboard/velocity_offboard_control.py -> /home/bravo1311/px4_ros2_ws/src/ROS2-PX4_Drone_Teleoperation_Using_Joystick/install/px4_offboard/lib/python3.12/site-packages/px4_offboard
copying /home/bravo1311/px4_ros2_ws/src/ROS2-PX4_Drone_Teleoperation_Using_Joystick/build/px4_offboard/build/lib/px4_offboard/teleop_joystick copy.py -> /home/bravo1311/px4_ros2_ws/src/ROS2-PX4_Drone_Teleoperation_Using_Joystick/install/px4_offboard/lib/python3.12/site-packages/px4_offboard
copying /home/bravo1311/px4_ros2_ws/src/ROS2-PX4_Drone_Teleoperation_Using_Joystick/build/px4_offboard/build/lib/px4_offboard/position_offboard_control.py -> /home/bravo1311/px4_ros2_ws/src/ROS2-PX4_Drone_Teleoperation_Using_Joystick/install/px4_offboard/lib/python3.12/site-packages/px4_offboard
copying /home/bravo1311/px4_ros2_ws/src/ROS2-PX4_Drone_Teleoperation_Using_Joystick/build/px4_offboard/build/lib/px4_offboard/px4_offboard_mux.py -> /home/bravo1311/px4_ros2_ws/src/ROS2-PX4_Drone_Teleoperation_Using_Joystick/install/px4_offboard/lib/python3.12/site-packages/px4_offboard
byte-compiling /home/bravo1311/px4_ros2_ws/src/ROS2-PX4_Drone_Teleoperation_Using_Joystick/install/px4_offboard/lib/python3.12/site-packages/px4_offboard/teleop_joystick.py to teleop_joystick.cpython-312.pyc
byte-compiling /home/bravo1311/px4_ros2_ws/src/ROS2-PX4_Drone_Teleoperation_Using_Joystick/install/px4_offboard/lib/python3.12/site-packages/px4_offboard/__init__.py to __init__.cpython-312.pyc
byte-compiling /home/bravo1311/px4_ros2_ws/src/ROS2-PX4_Drone_Teleoperation_Using_Joystick/install/px4_offboard/lib/python3.12/site-packages/px4_offboard/teleop_keyboard.py to teleop_keyboard.cpython-312.pyc
byte-compiling /home/bravo1311/px4_ros2_ws/src/ROS2-PX4_Drone_Teleoperation_Using_Joystick/install/px4_offboard/lib/python3.12/site-packages/px4_offboard/velocity_offboard_control.py to velocity_offboard_control.cpython-312.pyc
byte-compiling /home/bravo1311/px4_ros2_ws/src/ROS2-PX4_Drone_Teleoperation_Using_Joystick/install/px4_offboard/lib/python3.12/site-packages/px4_offboard/teleop_joystick copy.py to teleop_joystick copy.cpython-312.pyc
byte-compiling /home/bravo1311/px4_ros2_ws/src/ROS2-PX4_Drone_Teleoperation_Using_Joystick/install/px4_offboard/lib/python3.12/site-packages/px4_offboard/position_offboard_control.py to position_offboard_control.cpython-312.pyc
byte-compiling /home/bravo1311/px4_ros2_ws/src/ROS2-PX4_Drone_Teleoperation_Using_Joystick/install/px4_offboard/lib/python3.12/site-packages/px4_offboard/px4_offboard_mux.py to px4_offboard_mux.cpython-312.pyc
running install_data
creating /home/bravo1311/px4_ros2_ws/src/ROS2-PX4_Drone_Teleoperation_Using_Joystick/install/px4_offboard/share/ament_index
creating /home/bravo1311/px4_ros2_ws/src/ROS2-PX4_Drone_Teleoperation_Using_Joystick/install/px4_offboard/share/ament_index/resource_index
creating /home/bravo1311/px4_ros2_ws/src/ROS2-PX4_Drone_Teleoperation_Using_Joystick/install/px4_offboard/share/ament_index/resource_index/packages
copying resource/px4_offboard -> /home/bravo1311/px4_ros2_ws/src/ROS2-PX4_Drone_Teleoperation_Using_Joystick/install/px4_offboard/share/ament_index/resource_index/packages
copying package.xml -> /home/bravo1311/px4_ros2_ws/src/ROS2-PX4_Drone_Teleoperation_Using_Joystick/install/px4_offboard/share/px4_offboard
creating /home/bravo1311/px4_ros2_ws/src/ROS2-PX4_Drone_Teleoperation_Using_Joystick/install/px4_offboard/share/px4_offboard/launch
copying launch/joystick_teleop.launch.py -> /home/bravo1311/px4_ros2_ws/src/ROS2-PX4_Drone_Teleoperation_Using_Joystick/install/px4_offboard/share/px4_offboard/launch
copying launch/auto_joystick_teleop.launch.py -> /home/bravo1311/px4_ros2_ws/src/ROS2-PX4_Drone_Teleoperation_Using_Joystick/install/px4_offboard/share/px4_offboard/launch
copying launch/keyboard_teleop.launch.py -> /home/bravo1311/px4_ros2_ws/src/ROS2-PX4_Drone_Teleoperation_Using_Joystick/install/px4_offboard/share/px4_offboard/launch
creating /home/bravo1311/px4_ros2_ws/src/ROS2-PX4_Drone_Teleoperation_Using_Joystick/install/px4_offboard/share/px4_offboard/config
copying config/joy_config.yaml -> /home/bravo1311/px4_ros2_ws/src/ROS2-PX4_Drone_Teleoperation_Using_Joystick/install/px4_offboard/share/px4_offboard/config
running install_egg_info
Copying ../build/px4_offboard/px4_offboard.egg-info to /home/bravo1311/px4_ros2_ws/src/ROS2-PX4_Drone_Teleoperation_Using_Joystick/install/px4_offboard/lib/python3.12/site-packages/px4_offboard-0.0.1-py3.12.egg-info
running install_scripts
Installing position_offboard_control.py script to /home/bravo1311/px4_ros2_ws/src/ROS2-PX4_Drone_Teleoperation_Using_Joystick/install/px4_offboard/lib/px4_offboard
Installing px4_offboard_mux.py script to /home/bravo1311/px4_ros2_ws/src/ROS2-PX4_Drone_Teleoperation_Using_Joystick/install/px4_offboard/lib/px4_offboard
Installing teleop_joystick.py script to /home/bravo1311/px4_ros2_ws/src/ROS2-PX4_Drone_Teleoperation_Using_Joystick/install/px4_offboard/lib/px4_offboard
Installing teleop_keyboard.py script to /home/bravo1311/px4_ros2_ws/src/ROS2-PX4_Drone_Teleoperation_Using_Joystick/install/px4_offboard/lib/px4_offboard
Installing velocity_offboard_control.py script to /home/bravo1311/px4_ros2_ws/src/ROS2-PX4_Drone_Teleoperation_Using_Joystick/install/px4_offboard/lib/px4_offboard
writing list of installed files to '/home/bravo1311/px4_ros2_ws/src/ROS2-PX4_Drone_Teleoperation_Using_Joystick/build/px4_offboard/install.log'
