[1.173s] Invoking command in '/home/bravo1311/px4_ros2_ws/src/ROS2-PX4_Drone_Teleoperation_Using_Joystick/px4_offboard': DEBUGINFOD_URLS=https://debuginfod.ubuntu.com PYTHONPATH=/home/bravo1311/px4_ros2_ws/src/ROS2-PX4_Drone_Teleoperation_Using_Joystick/build/px4_offboard/prefix_override:/usr/lib/python3/dist-packages/colcon_core/task/python/colcon_distutils_commands:/home/bravo1311/px4_ros2_ws/src/ROS2-PX4_Drone_Teleoperation_Using_Joystick/install/px4_offboard/lib/python3.12/site-packages:${PYTHONPATH} /usr/bin/python3 -W ignore:setup.py install is deprecated -W ignore:easy_install command is deprecated setup.py egg_info --egg-base ../build/px4_offboard build --build-base /home/bravo1311/px4_ros2_ws/src/ROS2-PX4_Drone_Teleoperation_Using_Joystick/build/px4_offboard/build install --record /home/bravo1311/px4_ros2_ws/src/ROS2-PX4_Drone_Teleoperation_Using_Joystick/build/px4_offboard/install.log --single-version-externally-managed install_data
[1.435s] running egg_info
[1.436s] creating ../build/px4_offboard/px4_offboard.egg-info
[1.455s] writing ../build/px4_offboard/px4_offboard.egg-info/PKG-INFO
[1.455s] writing dependency_links to ../build/px4_offboard/px4_offboard.egg-info/dependency_links.txt
[1.455s] writing entry points to ../build/px4_offboard/px4_offboard.egg-info/entry_points.txt
[1.455s] writing requirements to ../build/px4_offboard/px4_offboard.egg-info/requires.txt
[1.455s] writing top-level names to ../build/px4_offboard/px4_offboard.egg-info/top_level.txt
[1.456s] writing manifest file '../build/px4_offboard/px4_offboard.egg-info/SOURCES.txt'
[1.495s] reading manifest file '../build/px4_offboard/px4_offboard.egg-info/SOURCES.txt'
[1.496s] writing manifest file '../build/px4_offboard/px4_offboard.egg-info/SOURCES.txt'
[1.496s] running build
[1.496s] running build_py
[1.497s] creating /home/bravo1311/px4_ros2_ws/src/ROS2-PX4_Drone_Teleoperation_Using_Joystick/build/px4_offboard/build
[1.497s] creating /home/bravo1311/px4_ros2_ws/src/ROS2-PX4_Drone_Teleoperation_Using_Joystick/build/px4_offboard/build/lib
[1.497s] creating /home/bravo1311/px4_ros2_ws/src/ROS2-PX4_Drone_Teleoperation_Using_Joystick/build/px4_offboard/build/lib/px4_offboard
[1.497s] copying px4_offboard/teleop_joystick.py -> /home/bravo1311/px4_ros2_ws/src/ROS2-PX4_Drone_Teleoperation_Using_Joystick/build/px4_offboard/build/lib/px4_offboard
[1.497s] copying px4_offboard/__init__.py -> /home/bravo1311/px4_ros2_ws/src/ROS2-PX4_Drone_Teleoperation_Using_Joystick/build/px4_offboard/build/lib/px4_offboard
[1.497s] copying px4_offboard/teleop_keyboard.py -> /home/bravo1311/px4_ros2_ws/src/ROS2-PX4_Drone_Teleoperation_Using_Joystick/build/px4_offboard/build/lib/px4_offboard
[1.497s] copying px4_offboard/velocity_offboard_control.py -> /home/bravo1311/px4_ros2_ws/src/ROS2-PX4_Drone_Teleoperation_Using_Joystick/build/px4_offboard/build/lib/px4_offboard
[1.497s] copying px4_offboard/teleop_joystick copy.py -> /home/bravo1311/px4_ros2_ws/src/ROS2-PX4_Drone_Teleoperation_Using_Joystick/build/px4_offboard/build/lib/px4_offboard
[1.497s] copying px4_offboard/position_offboard_control.py -> /home/bravo1311/px4_ros2_ws/src/ROS2-PX4_Drone_Teleoperation_Using_Joystick/build/px4_offboard/build/lib/px4_offboard
[1.497s] copying px4_offboard/px4_offboard_mux.py -> /home/bravo1311/px4_ros2_ws/src/ROS2-PX4_Drone_Teleoperation_Using_Joystick/build/px4_offboard/build/lib/px4_offboard
[1.498s] running install
[1.503s] running install_lib
[1.522s] creating /home/bravo1311/px4_ros2_ws/src/ROS2-PX4_Drone_Teleoperation_Using_Joystick/install/px4_offboard/lib/python3.12/site-packages/px4_offboard
[1.522s] copying /home/bravo1311/px4_ros2_ws/src/ROS2-PX4_Drone_Teleoperation_Using_Joystick/build/px4_offboard/build/lib/px4_offboard/teleop_joystick.py -> /home/bravo1311/px4_ros2_ws/src/ROS2-PX4_Drone_Teleoperation_Using_Joystick/install/px4_offboard/lib/python3.12/site-packages/px4_offboard
[1.522s] copying /home/bravo1311/px4_ros2_ws/src/ROS2-PX4_Drone_Teleoperation_Using_Joystick/build/px4_offboard/build/lib/px4_offboard/__init__.py -> /home/bravo1311/px4_ros2_ws/src/ROS2-PX4_Drone_Teleoperation_Using_Joystick/install/px4_offboard/lib/python3.12/site-packages/px4_offboard
[1.523s] copying /home/bravo1311/px4_ros2_ws/src/ROS2-PX4_Drone_Teleoperation_Using_Joystick/build/px4_offboard/build/lib/px4_offboard/teleop_keyboard.py -> /home/bravo1311/px4_ros2_ws/src/ROS2-PX4_Drone_Teleoperation_Using_Joystick/install/px4_offboard/lib/python3.12/site-packages/px4_offboard
[1.523s] copying /home/bravo1311/px4_ros2_ws/src/ROS2-PX4_Drone_Teleoperation_Using_Joystick/build/px4_offboard/build/lib/px4_offboard/velocity_offboard_control.py -> /home/bravo1311/px4_ros2_ws/src/ROS2-PX4_Drone_Teleoperation_Using_Joystick/install/px4_offboard/lib/python3.12/site-packages/px4_offboard
[1.523s] copying /home/bravo1311/px4_ros2_ws/src/ROS2-PX4_Drone_Teleoperation_Using_Joystick/build/px4_offboard/build/lib/px4_offboard/teleop_joystick copy.py -> /home/bravo1311/px4_ros2_ws/src/ROS2-PX4_Drone_Teleoperation_Using_Joystick/install/px4_offboard/lib/python3.12/site-packages/px4_offboard
[1.523s] copying /home/bravo1311/px4_ros2_ws/src/ROS2-PX4_Drone_Teleoperation_Using_Joystick/build/px4_offboard/build/lib/px4_offboard/position_offboard_control.py -> /home/bravo1311/px4_ros2_ws/src/ROS2-PX4_Drone_Teleoperation_Using_Joystick/install/px4_offboard/lib/python3.12/site-packages/px4_offboard
[1.523s] copying /home/bravo1311/px4_ros2_ws/src/ROS2-PX4_Drone_Teleoperation_Using_Joystick/build/px4_offboard/build/lib/px4_offboard/px4_offboard_mux.py -> /home/bravo1311/px4_ros2_ws/src/ROS2-PX4_Drone_Teleoperation_Using_Joystick/install/px4_offboard/lib/python3.12/site-packages/px4_offboard
[1.524s] byte-compiling /home/bravo1311/px4_ros2_ws/src/ROS2-PX4_Drone_Teleoperation_Using_Joystick/install/px4_offboard/lib/python3.12/site-packages/px4_offboard/teleop_joystick.py to teleop_joystick.cpython-312.pyc
[1.525s] byte-compiling /home/bravo1311/px4_ros2_ws/src/ROS2-PX4_Drone_Teleoperation_Using_Joystick/install/px4_offboard/lib/python3.12/site-packages/px4_offboard/__init__.py to __init__.cpython-312.pyc
[1.526s] byte-compiling /home/bravo1311/px4_ros2_ws/src/ROS2-PX4_Drone_Teleoperation_Using_Joystick/install/px4_offboard/lib/python3.12/site-packages/px4_offboard/teleop_keyboard.py to teleop_keyboard.cpython-312.pyc
[1.527s] byte-compiling /home/bravo1311/px4_ros2_ws/src/ROS2-PX4_Drone_Teleoperation_Using_Joystick/install/px4_offboard/lib/python3.12/site-packages/px4_offboard/velocity_offboard_control.py to velocity_offboard_control.cpython-312.pyc
[1.529s] byte-compiling /home/bravo1311/px4_ros2_ws/src/ROS2-PX4_Drone_Teleoperation_Using_Joystick/install/px4_offboard/lib/python3.12/site-packages/px4_offboard/teleop_joystick copy.py to teleop_joystick copy.cpython-312.pyc
[1.531s] byte-compiling /home/bravo1311/px4_ros2_ws/src/ROS2-PX4_Drone_Teleoperation_Using_Joystick/install/px4_offboard/lib/python3.12/site-packages/px4_offboard/position_offboard_control.py to position_offboard_control.cpython-312.pyc
[1.532s] byte-compiling /home/bravo1311/px4_ros2_ws/src/ROS2-PX4_Drone_Teleoperation_Using_Joystick/install/px4_offboard/lib/python3.12/site-packages/px4_offboard/px4_offboard_mux.py to px4_offboard_mux.cpython-312.pyc
[1.534s] running install_data
[1.534s] creating /home/bravo1311/px4_ros2_ws/src/ROS2-PX4_Drone_Teleoperation_Using_Joystick/install/px4_offboard/share/ament_index
[1.534s] creating /home/bravo1311/px4_ros2_ws/src/ROS2-PX4_Drone_Teleoperation_Using_Joystick/install/px4_offboard/share/ament_index/resource_index
[1.534s] creating /home/bravo1311/px4_ros2_ws/src/ROS2-PX4_Drone_Teleoperation_Using_Joystick/install/px4_offboard/share/ament_index/resource_index/packages
[1.535s] copying resource/px4_offboard -> /home/bravo1311/px4_ros2_ws/src/ROS2-PX4_Drone_Teleoperation_Using_Joystick/install/px4_offboard/share/ament_index/resource_index/packages
[1.535s] copying package.xml -> /home/bravo1311/px4_ros2_ws/src/ROS2-PX4_Drone_Teleoperation_Using_Joystick/install/px4_offboard/share/px4_offboard
[1.535s] creating /home/bravo1311/px4_ros2_ws/src/ROS2-PX4_Drone_Teleoperation_Using_Joystick/install/px4_offboard/share/px4_offboard/launch
[1.535s] copying launch/joystick_teleop.launch.py -> /home/bravo1311/px4_ros2_ws/src/ROS2-PX4_Drone_Teleoperation_Using_Joystick/install/px4_offboard/share/px4_offboard/launch
[1.535s] copying launch/auto_joystick_teleop.launch.py -> /home/bravo1311/px4_ros2_ws/src/ROS2-PX4_Drone_Teleoperation_Using_Joystick/install/px4_offboard/share/px4_offboard/launch
[1.535s] copying launch/keyboard_teleop.launch.py -> /home/bravo1311/px4_ros2_ws/src/ROS2-PX4_Drone_Teleoperation_Using_Joystick/install/px4_offboard/share/px4_offboard/launch
[1.535s] creating /home/bravo1311/px4_ros2_ws/src/ROS2-PX4_Drone_Teleoperation_Using_Joystick/install/px4_offboard/share/px4_offboard/config
[1.535s] copying config/joy_config.yaml -> /home/bravo1311/px4_ros2_ws/src/ROS2-PX4_Drone_Teleoperation_Using_Joystick/install/px4_offboard/share/px4_offboard/config
[1.535s] running install_egg_info
[1.555s] Copying ../build/px4_offboard/px4_offboard.egg-info to /home/bravo1311/px4_ros2_ws/src/ROS2-PX4_Drone_Teleoperation_Using_Joystick/install/px4_offboard/lib/python3.12/site-packages/px4_offboard-0.0.1-py3.12.egg-info
[1.555s] running install_scripts
[1.677s] Installing position_offboard_control.py script to /home/bravo1311/px4_ros2_ws/src/ROS2-PX4_Drone_Teleoperation_Using_Joystick/install/px4_offboard/lib/px4_offboard
[1.678s] Installing px4_offboard_mux.py script to /home/bravo1311/px4_ros2_ws/src/ROS2-PX4_Drone_Teleoperation_Using_Joystick/install/px4_offboard/lib/px4_offboard
[1.678s] Installing teleop_joystick.py script to /home/bravo1311/px4_ros2_ws/src/ROS2-PX4_Drone_Teleoperation_Using_Joystick/install/px4_offboard/lib/px4_offboard
[1.678s] Installing teleop_keyboard.py script to /home/bravo1311/px4_ros2_ws/src/ROS2-PX4_Drone_Teleoperation_Using_Joystick/install/px4_offboard/lib/px4_offboard
[1.678s] Installing velocity_offboard_control.py script to /home/bravo1311/px4_ros2_ws/src/ROS2-PX4_Drone_Teleoperation_Using_Joystick/install/px4_offboard/lib/px4_offboard
[1.678s] writing list of installed files to '/home/bravo1311/px4_ros2_ws/src/ROS2-PX4_Drone_Teleoperation_Using_Joystick/build/px4_offboard/install.log'
[1.707s] Invoked command in '/home/bravo1311/px4_ros2_ws/src/ROS2-PX4_Drone_Teleoperation_Using_Joystick/px4_offboard' returned '0': DEBUGINFOD_URLS=https://debuginfod.ubuntu.com PYTHONPATH=/home/bravo1311/px4_ros2_ws/src/ROS2-PX4_Drone_Teleoperation_Using_Joystick/build/px4_offboard/prefix_override:/usr/lib/python3/dist-packages/colcon_core/task/python/colcon_distutils_commands:/home/bravo1311/px4_ros2_ws/src/ROS2-PX4_Drone_Teleoperation_Using_Joystick/install/px4_offboard/lib/python3.12/site-packages:${PYTHONPATH} /usr/bin/python3 -W ignore:setup.py install is deprecated -W ignore:easy_install command is deprecated setup.py egg_info --egg-base ../build/px4_offboard build --build-base /home/bravo1311/px4_ros2_ws/src/ROS2-PX4_Drone_Teleoperation_Using_Joystick/build/px4_offboard/build install --record /home/bravo1311/px4_ros2_ws/src/ROS2-PX4_Drone_Teleoperation_Using_Joystick/build/px4_offboard/install.log --single-version-externally-managed install_data
