running egg_info
creating ../build/px4_bringup/px4_bringup.egg-info
writing ../build/px4_bringup/px4_bringup.egg-info/PKG-INFO
writing dependency_links to ../build/px4_bringup/px4_bringup.egg-info/dependency_links.txt
writing requirements to ../build/px4_bringup/px4_bringup.egg-info/requires.txt
writing top-level names to ../build/px4_bringup/px4_bringup.egg-info/top_level.txt
writing manifest file '../build/px4_bringup/px4_bringup.egg-info/SOURCES.txt'
reading manifest file '../build/px4_bringup/px4_bringup.egg-info/SOURCES.txt'
writing manifest file '../build/px4_bringup/px4_bringup.egg-info/SOURCES.txt'
running build
running build_py
creating /home/bravo1311/px4_ros2_ws/src/ROS2-PX4_Drone_Teleoperation_Using_Joystick/build/px4_bringup/build
creating /home/bravo1311/px4_ros2_ws/src/ROS2-PX4_Drone_Teleoperation_Using_Joystick/build/px4_bringup/build/lib
creating /home/bravo1311/px4_ros2_ws/src/ROS2-PX4_Drone_Teleoperation_Using_Joystick/build/px4_bringup/build/lib/px4_bringup
copying px4_bringup/__init__.py -> /home/bravo1311/px4_ros2_ws/src/ROS2-PX4_Drone_Teleoperation_Using_Joystick/build/px4_bringup/build/lib/px4_bringup
running install
running install_lib
creating /home/bravo1311/px4_ros2_ws/src/ROS2-PX4_Drone_Teleoperation_Using_Joystick/install/px4_bringup/lib/python3.12/site-packages/px4_bringup
copying /home/bravo1311/px4_ros2_ws/src/ROS2-PX4_Drone_Teleoperation_Using_Joystick/build/px4_bringup/build/lib/px4_bringup/__init__.py -> /home/bravo1311/px4_ros2_ws/src/ROS2-PX4_Drone_Teleoperation_Using_Joystick/install/px4_bringup/lib/python3.12/site-packages/px4_bringup
byte-compiling /home/bravo1311/px4_ros2_ws/src/ROS2-PX4_Drone_Teleoperation_Using_Joystick/install/px4_bringup/lib/python3.12/site-packages/px4_bringup/__init__.py to __init__.cpython-312.pyc
running install_data
creating /home/bravo1311/px4_ros2_ws/src/ROS2-PX4_Drone_Teleoperation_Using_Joystick/install/px4_bringup/share/ament_index
creating /home/bravo1311/px4_ros2_ws/src/ROS2-PX4_Drone_Teleoperation_Using_Joystick/install/px4_bringup/share/ament_index/resource_index
creating /home/bravo1311/px4_ros2_ws/src/ROS2-PX4_Drone_Teleoperation_Using_Joystick/install/px4_bringup/share/ament_index/resource_index/packages
copying resource/px4_bringup -> /home/bravo1311/px4_ros2_ws/src/ROS2-PX4_Drone_Teleoperation_Using_Joystick/install/px4_bringup/share/ament_index/resource_index/packages
copying package.xml -> /home/bravo1311/px4_ros2_ws/src/ROS2-PX4_Drone_Teleoperation_Using_Joystick/install/px4_bringup/share/px4_bringup
creating /home/bravo1311/px4_ros2_ws/src/ROS2-PX4_Drone_Teleoperation_Using_Joystick/install/px4_bringup/share/px4_bringup/launch
copying launch/minimal.launch.py -> /home/bravo1311/px4_ros2_ws/src/ROS2-PX4_Drone_Teleoperation_Using_Joystick/install/px4_bringup/share/px4_bringup/launch
copying launch/perception.launch.py -> /home/bravo1311/px4_ros2_ws/src/ROS2-PX4_Drone_Teleoperation_Using_Joystick/install/px4_bringup/share/px4_bringup/launch
running install_egg_info
Copying ../build/px4_bringup/px4_bringup.egg-info to /home/bravo1311/px4_ros2_ws/src/ROS2-PX4_Drone_Teleoperation_Using_Joystick/install/px4_bringup/lib/python3.12/site-packages/px4_bringup-0.0.1-py3.12.egg-info
running install_scripts
writing list of installed files to '/home/bravo1311/px4_ros2_ws/src/ROS2-PX4_Drone_Teleoperation_Using_Joystick/build/px4_bringup/install.log'
