[0.720s] Invoking command in '/home/bravo1311/px4_ros2_ws/src/ROS2-PX4_Drone_Teleoperation_Using_Joystick/px4_bringup': AMENT_PREFIX_PATH=/home/bravo1311/px4_ros2_ws/src/ROS2-PX4_Drone_Teleoperation_Using_Joystick/install/px4_offboard:${AMENT_PREFIX_PATH} DEBUGINFOD_URLS=https://debuginfod.ubuntu.com PYTHONPATH=/home/bravo1311/px4_ros2_ws/src/ROS2-PX4_Drone_Teleoperation_Using_Joystick/build/px4_bringup/prefix_override:/usr/lib/python3/dist-packages/colcon_core/task/python/colcon_distutils_commands:/home/bravo1311/px4_ros2_ws/src/ROS2-PX4_Drone_Teleoperation_Using_Joystick/install/px4_bringup/lib/python3.12/site-packages:/home/bravo1311/px4_ros2_ws/src/ROS2-PX4_Drone_Teleoperation_Using_Joystick/install/px4_offboard/lib/python3.12/site-packages:${PYTHONPATH} /usr/bin/python3 -W ignore:setup.py install is deprecated -W ignore:easy_install command is deprecated setup.py egg_info --egg-base ../build/px4_bringup build --build-base /home/bravo1311/px4_ros2_ws/src/ROS2-PX4_Drone_Teleoperation_Using_Joystick/build/px4_bringup/build install --record /home/bravo1311/px4_ros2_ws/src/ROS2-PX4_Drone_Teleoperation_Using_Joystick/build/px4_bringup/install.log --single-version-externally-managed install_data
[0.978s] running egg_info
[0.978s] creating ../build/px4_bringup/px4_bringup.egg-info
[0.995s] writing ../build/px4_bringup/px4_bringup.egg-info/PKG-INFO
[0.996s] writing dependency_links to ../build/px4_bringup/px4_bringup.egg-info/dependency_links.txt
[0.996s] writing requirements to ../build/px4_bringup/px4_bringup.egg-info/requires.txt
[0.996s] writing top-level names to ../build/px4_bringup/px4_bringup.egg-info/top_level.txt
[0.996s] writing manifest file '../build/px4_bringup/px4_bringup.egg-info/SOURCES.txt'
[1.032s] reading manifest file '../build/px4_bringup/px4_bringup.egg-info/SOURCES.txt'
[1.032s] writing manifest file '../build/px4_bringup/px4_bringup.egg-info/SOURCES.txt'
[1.032s] running build
[1.033s] running build_py
[1.033s] creating /home/bravo1311/px4_ros2_ws/src/ROS2-PX4_Drone_Teleoperation_Using_Joystick/build/px4_bringup/build
[1.033s] creating /home/bravo1311/px4_ros2_ws/src/ROS2-PX4_Drone_Teleoperation_Using_Joystick/build/px4_bringup/build/lib
[1.033s] creating /home/bravo1311/px4_ros2_ws/src/ROS2-PX4_Drone_Teleoperation_Using_Joystick/build/px4_bringup/build/lib/px4_bringup
[1.033s] copying px4_bringup/__init__.py -> /home/bravo1311/px4_ros2_ws/src/ROS2-PX4_Drone_Teleoperation_Using_Joystick/build/px4_bringup/build/lib/px4_bringup
[1.033s] running install
[1.039s] running install_lib
[1.058s] creating /home/bravo1311/px4_ros2_ws/src/ROS2-PX4_Drone_Teleoperation_Using_Joystick/install/px4_bringup/lib/python3.12/site-packages/px4_bringup
[1.058s] copying /home/bravo1311/px4_ros2_ws/src/ROS2-PX4_Drone_Teleoperation_Using_Joystick/build/px4_bringup/build/lib/px4_bringup/__init__.py -> /home/bravo1311/px4_ros2_ws/src/ROS2-PX4_Drone_Teleoperation_Using_Joystick/install/px4_bringup/lib/python3.12/site-packages/px4_bringup
[1.058s] byte-compiling /home/bravo1311/px4_ros2_ws/src/ROS2-PX4_Drone_Teleoperation_Using_Joystick/install/px4_bringup/lib/python3.12/site-packages/px4_bringup/__init__.py to __init__.cpython-312.pyc
[1.058s] running install_data
[1.058s] creating /home/bravo1311/px4_ros2_ws/src/ROS2-PX4_Drone_Teleoperation_Using_Joystick/install/px4_bringup/share/ament_index
[1.059s] creating /home/bravo1311/px4_ros2_ws/src/ROS2-PX4_Drone_Teleoperation_Using_Joystick/install/px4_bringup/share/ament_index/resource_index
[1.059s] creating /home/bravo1311/px4_ros2_ws/src/ROS2-PX4_Drone_Teleoperation_Using_Joystick/install/px4_bringup/share/ament_index/resource_index/packages
[1.059s] copying resource/px4_bringup -> /home/bravo1311/px4_ros2_ws/src/ROS2-PX4_Drone_Teleoperation_Using_Joystick/install/px4_bringup/share/ament_index/resource_index/packages
[1.059s] copying package.xml -> /home/bravo1311/px4_ros2_ws/src/ROS2-PX4_Drone_Teleoperation_Using_Joystick/install/px4_bringup/share/px4_bringup
[1.059s] creating /home/bravo1311/px4_ros2_ws/src/ROS2-PX4_Drone_Teleoperation_Using_Joystick/install/px4_bringup/share/px4_bringup/launch
[1.059s] copying launch/minimal.launch.py -> /home/bravo1311/px4_ros2_ws/src/ROS2-PX4_Drone_Teleoperation_Using_Joystick/install/px4_bringup/share/px4_bringup/launch
[1.059s] copying launch/perception.launch.py -> /home/bravo1311/px4_ros2_ws/src/ROS2-PX4_Drone_Teleoperation_Using_Joystick/install/px4_bringup/share/px4_bringup/launch
[1.059s] running install_egg_info
[1.079s] Copying ../build/px4_bringup/px4_bringup.egg-info to /home/bravo1311/px4_ros2_ws/src/ROS2-PX4_Drone_Teleoperation_Using_Joystick/install/px4_bringup/lib/python3.12/site-packages/px4_bringup-0.0.1-py3.12.egg-info
[1.080s] running install_scripts
[1.206s] writing list of installed files to '/home/bravo1311/px4_ros2_ws/src/ROS2-PX4_Drone_Teleoperation_Using_Joystick/build/px4_bringup/install.log'
[1.232s] Invoked command in '/home/bravo1311/px4_ros2_ws/src/ROS2-PX4_Drone_Teleoperation_Using_Joystick/px4_bringup' returned '0': AMENT_PREFIX_PATH=/home/bravo1311/px4_ros2_ws/src/ROS2-PX4_Drone_Teleoperation_Using_Joystick/install/px4_offboard:${AMENT_PREFIX_PATH} DEBUGINFOD_URLS=https://debuginfod.ubuntu.com PYTHONPATH=/home/bravo1311/px4_ros2_ws/src/ROS2-PX4_Drone_Teleoperation_Using_Joystick/build/px4_bringup/prefix_override:/usr/lib/python3/dist-packages/colcon_core/task/python/colcon_distutils_commands:/home/bravo1311/px4_ros2_ws/src/ROS2-PX4_Drone_Teleoperation_Using_Joystick/install/px4_bringup/lib/python3.12/site-packages:/home/bravo1311/px4_ros2_ws/src/ROS2-PX4_Drone_Teleoperation_Using_Joystick/install/px4_offboard/lib/python3.12/site-packages:${PYTHONPATH} /usr/bin/python3 -W ignore:setup.py install is deprecated -W ignore:easy_install command is deprecated setup.py egg_info --egg-base ../build/px4_bringup build --build-base /home/bravo1311/px4_ros2_ws/src/ROS2-PX4_Drone_Teleoperation_Using_Joystick/build/px4_bringup/build install --record /home/bravo1311/px4_ros2_ws/src/ROS2-PX4_Drone_Teleoperation_Using_Joystick/build/px4_bringup/install.log --single-version-externally-managed install_data
