/home/bravo1311/px4_ros2_ws/src/ROS2-PX4_Drone_Teleoperation_Using_Joystick/install/px4_aruco_landing/lib/python3.12/site-packages/px4_aruco_landing/autoland_twist_publisher.py
/home/bravo1311/px4_ros2_ws/src/ROS2-PX4_Drone_Teleoperation_Using_Joystick/install/px4_aruco_landing/lib/python3.12/site-packages/px4_aruco_landing/__init__.py
/home/bravo1311/px4_ros2_ws/src/ROS2-PX4_Drone_Teleoperation_Using_Joystick/install/px4_aruco_landing/lib/python3.12/site-packages/px4_aruco_landing/auto_land_offboard.py
/home/bravo1311/px4_ros2_ws/src/ROS2-PX4_Drone_Teleoperation_Using_Joystick/install/px4_aruco_landing/lib/python3.12/site-packages/px4_aruco_landing/marker_kf.py
/home/bravo1311/px4_ros2_ws/src/ROS2-PX4_Drone_Teleoperation_Using_Joystick/install/px4_aruco_landing/lib/python3.12/site-packages/px4_aruco_landing/aruco_detector.py
/home/bravo1311/px4_ros2_ws/src/ROS2-PX4_Drone_Teleoperation_Using_Joystick/install/px4_aruco_landing/lib/python3.12/site-packages/px4_aruco_landing/__pycache__/autoland_twist_publisher.cpython-312.pyc
/home/bravo1311/px4_ros2_ws/src/ROS2-PX4_Drone_Teleoperation_Using_Joystick/install/px4_aruco_landing/lib/python3.12/site-packages/px4_aruco_landing/__pycache__/__init__.cpython-312.pyc
/home/bravo1311/px4_ros2_ws/src/ROS2-PX4_Drone_Teleoperation_Using_Joystick/install/px4_aruco_landing/lib/python3.12/site-packages/px4_aruco_landing/__pycache__/auto_land_offboard.cpython-312.pyc
/home/bravo1311/px4_ros2_ws/src/ROS2-PX4_Drone_Teleoperation_Using_Joystick/install/px4_aruco_landing/lib/python3.12/site-packages/px4_aruco_landing/__pycache__/marker_kf.cpython-312.pyc
/home/bravo1311/px4_ros2_ws/src/ROS2-PX4_Drone_Teleoperation_Using_Joystick/install/px4_aruco_landing/lib/python3.12/site-packages/px4_aruco_landing/__pycache__/aruco_detector.cpython-312.pyc
/home/bravo1311/px4_ros2_ws/src/ROS2-PX4_Drone_Teleoperation_Using_Joystick/install/px4_aruco_landing/share/ament_index/resource_index/packages/px4_aruco_landing
/home/bravo1311/px4_ros2_ws/src/ROS2-PX4_Drone_Teleoperation_Using_Joystick/install/px4_aruco_landing/share/px4_aruco_landing/package.xml
/home/bravo1311/px4_ros2_ws/src/ROS2-PX4_Drone_Teleoperation_Using_Joystick/install/px4_aruco_landing/lib/python3.12/site-packages/px4_aruco_landing-0.0.0-py3.12.egg-info/requires.txt
/home/bravo1311/px4_ros2_ws/src/ROS2-PX4_Drone_Teleoperation_Using_Joystick/install/px4_aruco_landing/lib/python3.12/site-packages/px4_aruco_landing-0.0.0-py3.12.egg-info/top_level.txt
/home/bravo1311/px4_ros2_ws/src/ROS2-PX4_Drone_Teleoperation_Using_Joystick/install/px4_aruco_landing/lib/python3.12/site-packages/px4_aruco_landing-0.0.0-py3.12.egg-info/SOURCES.txt
/home/bravo1311/px4_ros2_ws/src/ROS2-PX4_Drone_Teleoperation_Using_Joystick/install/px4_aruco_landing/lib/python3.12/site-packages/px4_aruco_landing-0.0.0-py3.12.egg-info/zip-safe
/home/bravo1311/px4_ros2_ws/src/ROS2-PX4_Drone_Teleoperation_Using_Joystick/install/px4_aruco_landing/lib/python3.12/site-packages/px4_aruco_landing-0.0.0-py3.12.egg-info/entry_points.txt
/home/bravo1311/px4_ros2_ws/src/ROS2-PX4_Drone_Teleoperation_Using_Joystick/install/px4_aruco_landing/lib/python3.12/site-packages/px4_aruco_landing-0.0.0-py3.12.egg-info/dependency_links.txt
/home/bravo1311/px4_ros2_ws/src/ROS2-PX4_Drone_Teleoperation_Using_Joystick/install/px4_aruco_landing/lib/python3.12/site-packages/px4_aruco_landing-0.0.0-py3.12.egg-info/PKG-INFO
/home/bravo1311/px4_ros2_ws/src/ROS2-PX4_Drone_Teleoperation_Using_Joystick/install/px4_aruco_landing/lib/px4_aruco_landing/aruco_detector
/home/bravo1311/px4_ros2_ws/src/ROS2-PX4_Drone_Teleoperation_Using_Joystick/install/px4_aruco_landing/lib/px4_aruco_landing/autoland_twist_publisher
/home/bravo1311/px4_ros2_ws/src/ROS2-PX4_Drone_Teleoperation_Using_Joystick/install/px4_aruco_landing/lib/px4_aruco_landing/marker_kf
