/home/bravo1311/px4_ros2_ws/src/ROS2-PX4_Drone_Teleoperation_Using_Joystick/install/px4_lidar/lib/python3.12/site-packages/px4_lidar/scan_frame_fix.py
/home/bravo1311/px4_ros2_ws/src/ROS2-PX4_Drone_Teleoperation_Using_Joystick/install/px4_lidar/lib/python3.12/site-packages/px4_lidar/__init__.py
/home/bravo1311/px4_ros2_ws/src/ROS2-PX4_Drone_Teleoperation_Using_Joystick/install/px4_lidar/lib/python3.12/site-packages/px4_lidar/px4_odom_tf.py
/home/bravo1311/px4_ros2_ws/src/ROS2-PX4_Drone_Teleoperation_Using_Joystick/install/px4_lidar/lib/python3.12/site-packages/px4_lidar/safety_vel_filter.py
/home/bravo1311/px4_ros2_ws/src/ROS2-PX4_Drone_Teleoperation_Using_Joystick/install/px4_lidar/lib/python3.12/site-packages/px4_lidar/gz_odom_tf.py
/home/bravo1311/px4_ros2_ws/src/ROS2-PX4_Drone_Teleoperation_Using_Joystick/install/px4_lidar/lib/python3.12/site-packages/px4_lidar/__pycache__/scan_frame_fix.cpython-312.pyc
/home/bravo1311/px4_ros2_ws/src/ROS2-PX4_Drone_Teleoperation_Using_Joystick/install/px4_lidar/lib/python3.12/site-packages/px4_lidar/__pycache__/__init__.cpython-312.pyc
/home/bravo1311/px4_ros2_ws/src/ROS2-PX4_Drone_Teleoperation_Using_Joystick/install/px4_lidar/lib/python3.12/site-packages/px4_lidar/__pycache__/px4_odom_tf.cpython-312.pyc
/home/bravo1311/px4_ros2_ws/src/ROS2-PX4_Drone_Teleoperation_Using_Joystick/install/px4_lidar/lib/python3.12/site-packages/px4_lidar/__pycache__/safety_vel_filter.cpython-312.pyc
/home/bravo1311/px4_ros2_ws/src/ROS2-PX4_Drone_Teleoperation_Using_Joystick/install/px4_lidar/lib/python3.12/site-packages/px4_lidar/__pycache__/gz_odom_tf.cpython-312.pyc
/home/bravo1311/px4_ros2_ws/src/ROS2-PX4_Drone_Teleoperation_Using_Joystick/install/px4_lidar/share/ament_index/resource_index/packages/px4_lidar
/home/bravo1311/px4_ros2_ws/src/ROS2-PX4_Drone_Teleoperation_Using_Joystick/install/px4_lidar/share/px4_lidar/package.xml
/home/bravo1311/px4_ros2_ws/src/ROS2-PX4_Drone_Teleoperation_Using_Joystick/install/px4_lidar/share/px4_lidar/config/slam_toolbox.yaml
/home/bravo1311/px4_ros2_ws/src/ROS2-PX4_Drone_Teleoperation_Using_Joystick/install/px4_lidar/share/px4_lidar/config/local_costmap.yaml
/home/bravo1311/px4_ros2_ws/src/ROS2-PX4_Drone_Teleoperation_Using_Joystick/install/px4_lidar/lib/python3.12/site-packages/px4_lidar-0.0.0-py3.12.egg-info/requires.txt
/home/bravo1311/px4_ros2_ws/src/ROS2-PX4_Drone_Teleoperation_Using_Joystick/install/px4_lidar/lib/python3.12/site-packages/px4_lidar-0.0.0-py3.12.egg-info/top_level.txt
/home/bravo1311/px4_ros2_ws/src/ROS2-PX4_Drone_Teleoperation_Using_Joystick/install/px4_lidar/lib/python3.12/site-packages/px4_lidar-0.0.0-py3.12.egg-info/SOURCES.txt
/home/bravo1311/px4_ros2_ws/src/ROS2-PX4_Drone_Teleoperation_Using_Joystick/install/px4_lidar/lib/python3.12/site-packages/px4_lidar-0.0.0-py3.12.egg-info/zip-safe
/home/bravo1311/px4_ros2_ws/src/ROS2-PX4_Drone_Teleoperation_Using_Joystick/install/px4_lidar/lib/python3.12/site-packages/px4_lidar-0.0.0-py3.12.egg-info/entry_points.txt
/home/bravo1311/px4_ros2_ws/src/ROS2-PX4_Drone_Teleoperation_Using_Joystick/install/px4_lidar/lib/python3.12/site-packages/px4_lidar-0.0.0-py3.12.egg-info/dependency_links.txt
/home/bravo1311/px4_ros2_ws/src/ROS2-PX4_Drone_Teleoperation_Using_Joystick/install/px4_lidar/lib/python3.12/site-packages/px4_lidar-0.0.0-py3.12.egg-info/PKG-INFO
/home/bravo1311/px4_ros2_ws/src/ROS2-PX4_Drone_Teleoperation_Using_Joystick/install/px4_lidar/lib/px4_lidar/gz_odom_tf
/home/bravo1311/px4_ros2_ws/src/ROS2-PX4_Drone_Teleoperation_Using_Joystick/install/px4_lidar/lib/px4_lidar/px4_odom_tf
/home/bravo1311/px4_ros2_ws/src/ROS2-PX4_Drone_Teleoperation_Using_Joystick/install/px4_lidar/lib/px4_lidar/safety_vel_filter
/home/bravo1311/px4_ros2_ws/src/ROS2-PX4_Drone_Teleoperation_Using_Joystick/install/px4_lidar/lib/px4_lidar/scan_frame_fix
